2 processes
Using Round-Robin
Quantum 2

Time 0: P2 arrived
Time 0: P2 selected (burst 9)
Time 2: P2 selected (burst 7)
Time 3: P1 arrived
Time 4: P1 selected (burst 5)
Time 6: P2 selected (burst 5)
Time 8: P1 selected (burst 3)
Time 10: P2 selected (burst 3)
Time 12: P1 selected (burst 1)
Time 13: P1 finished
Time 13: P2 selected (burst 1)
Time 14: P2 finished
Time 14: IDLE
Finished at time 15

P1 wait 5 turnaround 10
P2 wait 5 turnaround 14

/////////////////////////
1. first to arrive is first to be selected
2. Last to arrive durring a q is the first to start next q
3. When finished next in queue takes over then and q resets

		Burst	Arrival. selected.	Finished. +1                                  
P1.		6		1        1.	    	17	
.						 5. 
p2.	    12	    3.		 4	 		 31		
.						 18. 24. 29
p3.		2		5.		 7.			 8
p4.		8		7.		 9.			 28
.						 21. 27
p5.		3		9.		 12.		 14	

0 1 2 3 4 5 6 7 8 9 0 1 2 3 4 5 6 7 8 9 0 1 2 3 4 5 6 7 8 9 0 1 2
z 11111 22222 333 44444 55555 11111 22222 44444 22222 444 22222
0 1 2 3 4 5 6 7 8 9 0 1 2 3 4 5 6 7 8 9 0 1 2 3 4 5 6 7 8 9 0 1 2
